  Source.c
C:\Users\Ante\Stukturepodataka\vjezba2\vj2\vj2\Source.c(41,10): warning C4101: 'Persons': unreferenced local variable
C:\Users\Ante\Stukturepodataka\vjezba2\vj2\vj2\Source.c(39,18): warning C4101: 'i': unreferenced local variable
C:\Users\Ante\Stukturepodataka\vjezba2\vj2\vj2\Source.c(39,6): warning C4101: 'no_persons': unreferenced local variable
C:\Users\Ante\Stukturepodataka\vjezba2\vj2\vj2\Source.c(136,21): warning C4047: 'function': 'Position' differs in levels of indirection from 'Position *'
C:\Users\Ante\Stukturepodataka\vjezba2\vj2\vj2\Source.c(136,16): warning C4024: 'add_to_list': different types for formal and actual parameter 1
C:\Users\Ante\Stukturepodataka\vjezba2\vj2\vj2\Source.c(140,20): warning C4047: 'function': 'Position' differs in levels of indirection from 'Position *'
C:\Users\Ante\Stukturepodataka\vjezba2\vj2\vj2\Source.c(140,15): warning C4024: 'add_to_end': different types for formal and actual parameter 1
C:\Users\Ante\Stukturepodataka\vjezba2\vj2\vj2\Source.c(144,20): warning C4047: 'function': 'Position' differs in levels of indirection from 'Position *'
C:\Users\Ante\Stukturepodataka\vjezba2\vj2\vj2\Source.c(144,15): warning C4024: 'print_list': different types for formal and actual parameter 1
C:\Users\Ante\Stukturepodataka\vjezba2\vj2\vj2\Source.c(148,21): warning C4047: 'function': 'Position' differs in levels of indirection from 'Position *'
C:\Users\Ante\Stukturepodataka\vjezba2\vj2\vj2\Source.c(148,16): warning C4024: 'find_person': different types for formal and actual parameter 1
C:\Users\Ante\Stukturepodataka\vjezba2\vj2\vj2\Source.c(152,23): warning C4047: 'function': 'Position' differs in levels of indirection from 'Position *'
C:\Users\Ante\Stukturepodataka\vjezba2\vj2\vj2\Source.c(152,18): warning C4024: 'delete_person': different types for formal and actual parameter 1
C:\Users\Ante\Stukturepodataka\vjezba2\vj2\vj2\Source.c(156,22): warning C4047: 'function': 'Position' differs in levels of indirection from 'Position *'
C:\Users\Ante\Stukturepodataka\vjezba2\vj2\vj2\Source.c(156,17): warning C4024: 'add_p_before': different types for formal and actual parameter 1
C:\Users\Ante\Stukturepodataka\vjezba2\vj2\vj2\Source.c(160,21): warning C4047: 'function': 'Position' differs in levels of indirection from 'Position *'
C:\Users\Ante\Stukturepodataka\vjezba2\vj2\vj2\Source.c(160,16): warning C4024: 'add_p_after': different types for formal and actual parameter 1
C:\Users\Ante\Stukturepodataka\vjezba2\vj2\vj2\Source.c(164,23): warning C4047: 'function': 'Position' differs in levels of indirection from 'Position *'
C:\Users\Ante\Stukturepodataka\vjezba2\vj2\vj2\Source.c(164,18): warning C4024: 'print_to_file': different types for formal and actual parameter 1
C:\Users\Ante\Stukturepodataka\vjezba2\vj2\vj2\Source.c(168,24): warning C4047: 'function': 'Position' differs in levels of indirection from 'Position *'
C:\Users\Ante\Stukturepodataka\vjezba2\vj2\vj2\Source.c(168,19): warning C4024: 'read_from_file': different types for formal and actual parameter 1
C:\Users\Ante\Stukturepodataka\vjezba2\vj2\vj2\Source.c(118,7): warning C4047: 'initializing': 'char' differs in levels of indirection from 'void *'
C:\Users\Ante\Stukturepodataka\vjezba2\vj2\vj2\Source.c(261,14): warning C4047: 'return': 'int' differs in levels of indirection from 'void *'
C:\Users\Ante\Stukturepodataka\vjezba2\vj2\vj2\Source.c(282,14): warning C4047: 'return': 'int' differs in levels of indirection from 'void *'
C:\Users\Ante\Stukturepodataka\vjezba2\vj2\vj2\Source.c(303,14): warning C4047: 'return': 'int' differs in levels of indirection from 'void *'
C:\Users\Ante\Stukturepodataka\vjezba2\vj2\vj2\Source.c(333,14): warning C4047: 'return': 'int' differs in levels of indirection from 'void *'
  vj2.vcxproj -> C:\Users\Ante\Stukturepodataka\vjezba2\vj2\x64\Debug\vj2.exe
